ARM GAS  C:\Users\randommm\AppData\Local\Temp\ccaVv2WA.s 			page 1


   1              		.cpu cortex-m3
   2              		.eabi_attribute 20, 1
   3              		.eabi_attribute 21, 1
   4              		.eabi_attribute 23, 3
   5              		.eabi_attribute 24, 1
   6              		.eabi_attribute 25, 1
   7              		.eabi_attribute 26, 1
   8              		.eabi_attribute 30, 1
   9              		.eabi_attribute 34, 1
  10              		.eabi_attribute 18, 4
  11              		.file	"gpio.c"
  12              		.text
  13              	.Ltext0:
  14              		.cfi_sections	.debug_frame
  15              		.section	.text.MX_GPIO_Init,"ax",%progbits
  16              		.align	1
  17              		.global	MX_GPIO_Init
  18              		.arch armv7-m
  19              		.syntax unified
  20              		.thumb
  21              		.thumb_func
  22              		.fpu softvfp
  24              	MX_GPIO_Init:
  25              	.LFB68:
  26              		.file 1 "Core/Src/gpio.c"
   1:Core/Src/gpio.c **** /**
   2:Core/Src/gpio.c ****   ******************************************************************************
   3:Core/Src/gpio.c ****   * File Name          : gpio.c
   4:Core/Src/gpio.c ****   * Description        : This file provides code for the configuration
   5:Core/Src/gpio.c ****   *                      of all used GPIO pins.
   6:Core/Src/gpio.c ****   ******************************************************************************
   7:Core/Src/gpio.c ****   * @attention
   8:Core/Src/gpio.c ****   *
   9:Core/Src/gpio.c ****   * <h2><center>&copy; Copyright (c) 2021 STMicroelectronics.
  10:Core/Src/gpio.c ****   * All rights reserved.</center></h2>
  11:Core/Src/gpio.c ****   *
  12:Core/Src/gpio.c ****   * This software component is licensed by ST under Ultimate Liberty license
  13:Core/Src/gpio.c ****   * SLA0044, the "License"; You may not use this file except in compliance with
  14:Core/Src/gpio.c ****   * the License. You may obtain a copy of the License at:
  15:Core/Src/gpio.c ****   *                             www.st.com/SLA0044
  16:Core/Src/gpio.c ****   *
  17:Core/Src/gpio.c ****   ******************************************************************************
  18:Core/Src/gpio.c ****   */
  19:Core/Src/gpio.c **** 
  20:Core/Src/gpio.c **** /* Includes ------------------------------------------------------------------*/
  21:Core/Src/gpio.c **** #include "gpio.h"
  22:Core/Src/gpio.c **** /* USER CODE BEGIN 0 */
  23:Core/Src/gpio.c **** 
  24:Core/Src/gpio.c **** /* USER CODE END 0 */
  25:Core/Src/gpio.c **** 
  26:Core/Src/gpio.c **** /*----------------------------------------------------------------------------*/
  27:Core/Src/gpio.c **** /* Configure GPIO                                                             */
  28:Core/Src/gpio.c **** /*----------------------------------------------------------------------------*/
  29:Core/Src/gpio.c **** /* USER CODE BEGIN 1 */
  30:Core/Src/gpio.c **** 
  31:Core/Src/gpio.c **** /* USER CODE END 1 */
  32:Core/Src/gpio.c **** 
ARM GAS  C:\Users\randommm\AppData\Local\Temp\ccaVv2WA.s 			page 2


  33:Core/Src/gpio.c **** /** Configure pins as
  34:Core/Src/gpio.c ****         * Analog
  35:Core/Src/gpio.c ****         * Input
  36:Core/Src/gpio.c ****         * Output
  37:Core/Src/gpio.c ****         * EVENT_OUT
  38:Core/Src/gpio.c ****         * EXTI
  39:Core/Src/gpio.c **** */
  40:Core/Src/gpio.c **** void MX_GPIO_Init(void)
  41:Core/Src/gpio.c **** {
  27              		.loc 1 41 1 view -0
  28              		.cfi_startproc
  29              		@ args = 0, pretend = 0, frame = 32
  30              		@ frame_needed = 0, uses_anonymous_args = 0
  31 0000 2DE9F041 		push	{r4, r5, r6, r7, r8, lr}
  32              	.LCFI0:
  33              		.cfi_def_cfa_offset 24
  34              		.cfi_offset 4, -24
  35              		.cfi_offset 5, -20
  36              		.cfi_offset 6, -16
  37              		.cfi_offset 7, -12
  38              		.cfi_offset 8, -8
  39              		.cfi_offset 14, -4
  40 0004 88B0     		sub	sp, sp, #32
  41              	.LCFI1:
  42              		.cfi_def_cfa_offset 56
  42:Core/Src/gpio.c **** 
  43:Core/Src/gpio.c ****   GPIO_InitTypeDef GPIO_InitStruct = {0};
  43              		.loc 1 43 3 view .LVU1
  44              		.loc 1 43 20 is_stmt 0 view .LVU2
  45 0006 0024     		movs	r4, #0
  46 0008 0494     		str	r4, [sp, #16]
  47 000a 0594     		str	r4, [sp, #20]
  48 000c 0694     		str	r4, [sp, #24]
  49 000e 0794     		str	r4, [sp, #28]
  44:Core/Src/gpio.c **** 
  45:Core/Src/gpio.c ****   /* GPIO Ports Clock Enable */
  46:Core/Src/gpio.c ****   __HAL_RCC_GPIOA_CLK_ENABLE();
  50              		.loc 1 46 3 is_stmt 1 view .LVU3
  51              	.LBB2:
  52              		.loc 1 46 3 view .LVU4
  53              		.loc 1 46 3 view .LVU5
  54 0010 254B     		ldr	r3, .L3
  55 0012 9A69     		ldr	r2, [r3, #24]
  56 0014 42F00402 		orr	r2, r2, #4
  57 0018 9A61     		str	r2, [r3, #24]
  58              		.loc 1 46 3 view .LVU6
  59 001a 9A69     		ldr	r2, [r3, #24]
  60 001c 02F00402 		and	r2, r2, #4
  61 0020 0092     		str	r2, [sp]
  62              		.loc 1 46 3 view .LVU7
  63 0022 009A     		ldr	r2, [sp]
  64              	.LBE2:
  65              		.loc 1 46 3 view .LVU8
  47:Core/Src/gpio.c ****   __HAL_RCC_GPIOB_CLK_ENABLE();
  66              		.loc 1 47 3 view .LVU9
  67              	.LBB3:
  68              		.loc 1 47 3 view .LVU10
ARM GAS  C:\Users\randommm\AppData\Local\Temp\ccaVv2WA.s 			page 3


  69              		.loc 1 47 3 view .LVU11
  70 0024 9A69     		ldr	r2, [r3, #24]
  71 0026 42F00802 		orr	r2, r2, #8
  72 002a 9A61     		str	r2, [r3, #24]
  73              		.loc 1 47 3 view .LVU12
  74 002c 9A69     		ldr	r2, [r3, #24]
  75 002e 02F00802 		and	r2, r2, #8
  76 0032 0192     		str	r2, [sp, #4]
  77              		.loc 1 47 3 view .LVU13
  78 0034 019A     		ldr	r2, [sp, #4]
  79              	.LBE3:
  80              		.loc 1 47 3 view .LVU14
  48:Core/Src/gpio.c ****   __HAL_RCC_GPIOE_CLK_ENABLE();
  81              		.loc 1 48 3 view .LVU15
  82              	.LBB4:
  83              		.loc 1 48 3 view .LVU16
  84              		.loc 1 48 3 view .LVU17
  85 0036 9A69     		ldr	r2, [r3, #24]
  86 0038 42F04002 		orr	r2, r2, #64
  87 003c 9A61     		str	r2, [r3, #24]
  88              		.loc 1 48 3 view .LVU18
  89 003e 9A69     		ldr	r2, [r3, #24]
  90 0040 02F04002 		and	r2, r2, #64
  91 0044 0292     		str	r2, [sp, #8]
  92              		.loc 1 48 3 view .LVU19
  93 0046 029A     		ldr	r2, [sp, #8]
  94              	.LBE4:
  95              		.loc 1 48 3 view .LVU20
  49:Core/Src/gpio.c ****   __HAL_RCC_GPIOD_CLK_ENABLE();
  96              		.loc 1 49 3 view .LVU21
  97              	.LBB5:
  98              		.loc 1 49 3 view .LVU22
  99              		.loc 1 49 3 view .LVU23
 100 0048 9A69     		ldr	r2, [r3, #24]
 101 004a 42F02002 		orr	r2, r2, #32
 102 004e 9A61     		str	r2, [r3, #24]
 103              		.loc 1 49 3 view .LVU24
 104 0050 9B69     		ldr	r3, [r3, #24]
 105 0052 03F02003 		and	r3, r3, #32
 106 0056 0393     		str	r3, [sp, #12]
 107              		.loc 1 49 3 view .LVU25
 108 0058 039B     		ldr	r3, [sp, #12]
 109              	.LBE5:
 110              		.loc 1 49 3 view .LVU26
  50:Core/Src/gpio.c **** 
  51:Core/Src/gpio.c ****   /*Configure GPIO pin Output Level */
  52:Core/Src/gpio.c ****   HAL_GPIO_WritePin(GPIOB, AIN1_Pin|AIN2_Pin|AIN3_Pin|BIN1_Pin
 111              		.loc 1 52 3 view .LVU27
 112 005a DFF85080 		ldr	r8, .L3+4
 113 005e 2246     		mov	r2, r4
 114 0060 40F2C731 		movw	r1, #967
 115 0064 4046     		mov	r0, r8
 116 0066 FFF7FEFF 		bl	HAL_GPIO_WritePin
 117              	.LVL0:
  53:Core/Src/gpio.c ****                           |BIN2_Pin|BIN3_Pin|BIN4_Pin, GPIO_PIN_RESET);
  54:Core/Src/gpio.c **** 
  55:Core/Src/gpio.c ****   /*Configure GPIO pin Output Level */
ARM GAS  C:\Users\randommm\AppData\Local\Temp\ccaVv2WA.s 			page 4


  56:Core/Src/gpio.c ****   HAL_GPIO_WritePin(AIN4_GPIO_Port, AIN4_Pin, GPIO_PIN_RESET);
 118              		.loc 1 56 3 view .LVU28
 119 006a 114D     		ldr	r5, .L3+8
 120 006c 2246     		mov	r2, r4
 121 006e 8021     		movs	r1, #128
 122 0070 2846     		mov	r0, r5
 123 0072 FFF7FEFF 		bl	HAL_GPIO_WritePin
 124              	.LVL1:
  57:Core/Src/gpio.c **** 
  58:Core/Src/gpio.c ****   /*Configure GPIO pins : PBPin PBPin PBPin PBPin
  59:Core/Src/gpio.c ****                            PBPin PBPin PBPin */
  60:Core/Src/gpio.c ****   GPIO_InitStruct.Pin = AIN1_Pin|AIN2_Pin|AIN3_Pin|BIN1_Pin
 125              		.loc 1 60 3 view .LVU29
 126              		.loc 1 60 23 is_stmt 0 view .LVU30
 127 0076 40F2C733 		movw	r3, #967
 128 007a 0493     		str	r3, [sp, #16]
  61:Core/Src/gpio.c ****                           |BIN2_Pin|BIN3_Pin|BIN4_Pin;
  62:Core/Src/gpio.c ****   GPIO_InitStruct.Mode = GPIO_MODE_OUTPUT_PP;
 129              		.loc 1 62 3 is_stmt 1 view .LVU31
 130              		.loc 1 62 24 is_stmt 0 view .LVU32
 131 007c 0127     		movs	r7, #1
 132 007e 0597     		str	r7, [sp, #20]
  63:Core/Src/gpio.c ****   GPIO_InitStruct.Pull = GPIO_NOPULL;
 133              		.loc 1 63 3 is_stmt 1 view .LVU33
 134              		.loc 1 63 24 is_stmt 0 view .LVU34
 135 0080 0694     		str	r4, [sp, #24]
  64:Core/Src/gpio.c ****   GPIO_InitStruct.Speed = GPIO_SPEED_FREQ_LOW;
 136              		.loc 1 64 3 is_stmt 1 view .LVU35
 137              		.loc 1 64 25 is_stmt 0 view .LVU36
 138 0082 0226     		movs	r6, #2
 139 0084 0796     		str	r6, [sp, #28]
  65:Core/Src/gpio.c ****   HAL_GPIO_Init(GPIOB, &GPIO_InitStruct);
 140              		.loc 1 65 3 is_stmt 1 view .LVU37
 141 0086 04A9     		add	r1, sp, #16
 142 0088 4046     		mov	r0, r8
 143 008a FFF7FEFF 		bl	HAL_GPIO_Init
 144              	.LVL2:
  66:Core/Src/gpio.c **** 
  67:Core/Src/gpio.c ****   /*Configure GPIO pin : PtPin */
  68:Core/Src/gpio.c ****   GPIO_InitStruct.Pin = AIN4_Pin;
 145              		.loc 1 68 3 view .LVU38
 146              		.loc 1 68 23 is_stmt 0 view .LVU39
 147 008e 8023     		movs	r3, #128
 148 0090 0493     		str	r3, [sp, #16]
  69:Core/Src/gpio.c ****   GPIO_InitStruct.Mode = GPIO_MODE_OUTPUT_PP;
 149              		.loc 1 69 3 is_stmt 1 view .LVU40
 150              		.loc 1 69 24 is_stmt 0 view .LVU41
 151 0092 0597     		str	r7, [sp, #20]
  70:Core/Src/gpio.c ****   GPIO_InitStruct.Pull = GPIO_NOPULL;
 152              		.loc 1 70 3 is_stmt 1 view .LVU42
 153              		.loc 1 70 24 is_stmt 0 view .LVU43
 154 0094 0694     		str	r4, [sp, #24]
  71:Core/Src/gpio.c ****   GPIO_InitStruct.Speed = GPIO_SPEED_FREQ_LOW;
 155              		.loc 1 71 3 is_stmt 1 view .LVU44
 156              		.loc 1 71 25 is_stmt 0 view .LVU45
 157 0096 0796     		str	r6, [sp, #28]
  72:Core/Src/gpio.c ****   HAL_GPIO_Init(AIN4_GPIO_Port, &GPIO_InitStruct);
ARM GAS  C:\Users\randommm\AppData\Local\Temp\ccaVv2WA.s 			page 5


 158              		.loc 1 72 3 is_stmt 1 view .LVU46
 159 0098 04A9     		add	r1, sp, #16
 160 009a 2846     		mov	r0, r5
 161 009c FFF7FEFF 		bl	HAL_GPIO_Init
 162              	.LVL3:
  73:Core/Src/gpio.c **** 
  74:Core/Src/gpio.c **** }
 163              		.loc 1 74 1 is_stmt 0 view .LVU47
 164 00a0 08B0     		add	sp, sp, #32
 165              	.LCFI2:
 166              		.cfi_def_cfa_offset 24
 167              		@ sp needed
 168 00a2 BDE8F081 		pop	{r4, r5, r6, r7, r8, pc}
 169              	.L4:
 170 00a6 00BF     		.align	2
 171              	.L3:
 172 00a8 00100240 		.word	1073876992
 173 00ac 000C0140 		.word	1073810432
 174 00b0 00180140 		.word	1073813504
 175              		.cfi_endproc
 176              	.LFE68:
 178              		.text
 179              	.Letext0:
 180              		.file 2 "e:\\armchain\\10 2021.07\\arm-none-eabi\\include\\machine\\_default_types.h"
 181              		.file 3 "e:\\armchain\\10 2021.07\\arm-none-eabi\\include\\sys\\_stdint.h"
 182              		.file 4 "Drivers/CMSIS/Device/ST/STM32F1xx/Include/stm32f103xe.h"
 183              		.file 5 "Drivers/STM32F1xx_HAL_Driver/Inc/stm32f1xx_hal_gpio.h"
ARM GAS  C:\Users\randommm\AppData\Local\Temp\ccaVv2WA.s 			page 6


DEFINED SYMBOLS
                            *ABS*:00000000 gpio.c
C:\Users\randommm\AppData\Local\Temp\ccaVv2WA.s:16     .text.MX_GPIO_Init:00000000 $t
C:\Users\randommm\AppData\Local\Temp\ccaVv2WA.s:24     .text.MX_GPIO_Init:00000000 MX_GPIO_Init
C:\Users\randommm\AppData\Local\Temp\ccaVv2WA.s:172    .text.MX_GPIO_Init:000000a8 $d

UNDEFINED SYMBOLS
HAL_GPIO_WritePin
HAL_GPIO_Init
